This file contains any messages produced by compilers while
running configure, to aid debugging if configure makes a mistake.

It was created by sumo configure 0.18.0, which was
generated by GNU Autoconf 2.68.  Invocation command line was

  $ ./configure 

## --------- ##
## Platform. ##
## --------- ##

hostname = draco.cs.ucla.edu
uname -m = x86_64
uname -r = 2.6.32-358.18.1.el6.x86_64
uname -s = Linux
uname -v = #1 SMP Wed Aug 28 17:19:38 UTC 2013

/usr/bin/uname -p = unknown
/bin/uname -X     = unknown

/bin/arch              = x86_64
/usr/bin/arch -k       = unknown
/usr/convex/getsysinfo = unknown
/usr/bin/hostinfo      = unknown
/bin/machine           = unknown
/usr/bin/oslevel       = unknown
/bin/universe          = unknown

PATH: /usr/local/bin
PATH: /bin
PATH: /usr/bin
PATH: /usr/local/sbin
PATH: /usr/sbin
PATH: /sbin
PATH: /home/yutingyu/Qualnet/6.1/bin
PATH: /home/yutingyu/Qualnet/6.1/lib


## ----------- ##
## Core tests. ##
## ----------- ##

configure:2508: checking build system type
configure:2522: result: x86_64-unknown-linux-gnu
configure:2542: checking host system type
configure:2555: result: x86_64-unknown-linux-gnu
configure:2575: checking target system type
configure:2588: result: x86_64-unknown-linux-gnu
configure:2635: checking for a BSD-compatible install
configure:2703: result: /usr/bin/install -c
configure:2714: checking whether build environment is sane
configure:2764: result: yes
configure:2905: checking for a thread-safe mkdir -p
configure:2944: result: /bin/mkdir -p
configure:2957: checking for gawk
configure:2973: found /bin/gawk
configure:2984: result: gawk
configure:2995: checking whether make sets $(MAKE)
configure:3017: result: yes
configure:3092: checking how to create a ustar tar archive
configure:3105: tar --version
tar (GNU tar) 1.23
Copyright (C) 2010 Free Software Foundation, Inc.
License GPLv3+: GNU GPL version 3 or later <http://gnu.org/licenses/gpl.html>.
This is free software: you are free to change and redistribute it.
There is NO WARRANTY, to the extent permitted by law.

Written by John Gilmore and Jay Fenlason.
configure:3108: $? = 0
configure:3148: tardir=conftest.dir && eval tar --format=ustar -chf - "$tardir" >conftest.tar
configure:3151: $? = 0
configure:3155: tar -xf - <conftest.tar
configure:3158: $? = 0
configure:3171: result: gnutar
configure:3258: checking for gcc
configure:3274: found /usr/bin/gcc
configure:3285: result: gcc
configure:3514: checking for C compiler version
configure:3523: gcc --version >&5
gcc (GCC) 4.4.7 20120313 (Red Hat 4.4.7-3)
Copyright (C) 2010 Free Software Foundation, Inc.
This is free software; see the source for copying conditions.  There is NO
warranty; not even for MERCHANTABILITY or FITNESS FOR A PARTICULAR PURPOSE.

configure:3534: $? = 0
configure:3523: gcc -v >&5
Using built-in specs.
Target: x86_64-redhat-linux
Configured with: ../configure --prefix=/usr --mandir=/usr/share/man --infodir=/usr/share/info --with-bugurl=http://bugzilla.redhat.com/bugzilla --enable-bootstrap --enable-shared --enable-threads=posix --enable-checking=release --with-system-zlib --enable-__cxa_atexit --disable-libunwind-exceptions --enable-gnu-unique-object --enable-languages=c,c++,objc,obj-c++,java,fortran,ada --enable-java-awt=gtk --disable-dssi --with-java-home=/usr/lib/jvm/java-1.5.0-gcj-1.5.0.0/jre --enable-libgcj-multifile --enable-java-maintainer-mode --with-ecj-jar=/usr/share/java/eclipse-ecj.jar --disable-libjava-multilib --with-ppl --with-cloog --with-tune=generic --with-arch_32=i686 --build=x86_64-redhat-linux
Thread model: posix
gcc version 4.4.7 20120313 (Red Hat 4.4.7-3) (GCC) 
configure:3534: $? = 0
configure:3523: gcc -V >&5
gcc: '-V' option must have argument
configure:3534: $? = 1
configure:3523: gcc -qversion >&5
gcc: unrecognized option '-qversion'
gcc: no input files
configure:3534: $? = 1
configure:3554: checking whether the C compiler works
configure:3576: gcc    conftest.c  >&5
configure:3580: $? = 0
configure:3628: result: yes
configure:3631: checking for C compiler default output file name
configure:3633: result: a.out
configure:3639: checking for suffix of executables
configure:3646: gcc -o conftest    conftest.c  >&5
configure:3650: $? = 0
configure:3672: result: 
configure:3694: checking whether we are cross compiling
configure:3702: gcc -o conftest    conftest.c  >&5
configure:3706: $? = 0
configure:3713: ./conftest
configure:3717: $? = 0
configure:3732: result: no
configure:3737: checking for suffix of object files
configure:3759: gcc -c   conftest.c >&5
configure:3763: $? = 0
configure:3784: result: o
configure:3788: checking whether we are using the GNU C compiler
configure:3807: gcc -c   conftest.c >&5
configure:3807: $? = 0
configure:3816: result: yes
configure:3825: checking whether gcc accepts -g
configure:3845: gcc -c -g  conftest.c >&5
configure:3845: $? = 0
configure:3886: result: yes
configure:3903: checking for gcc option to accept ISO C89
configure:3967: gcc  -c -g -O2  conftest.c >&5
configure:3967: $? = 0
configure:3980: result: none needed
configure:4011: checking for style of include used by make
configure:4039: result: GNU
configure:4064: checking dependency style of gcc
configure:4174: result: gcc3
configure:4194: checking how to run the C preprocessor
configure:4225: gcc -E  conftest.c
configure:4225: $? = 0
configure:4239: gcc -E  conftest.c
conftest.c:11:28: error: ac_nonexistent.h: No such file or directory
configure:4239: $? = 1
configure: failed program was:
| /* confdefs.h */
| #define PACKAGE_NAME "sumo"
| #define PACKAGE_TARNAME "sumo"
| #define PACKAGE_VERSION "0.18.0"
| #define PACKAGE_STRING "sumo 0.18.0"
| #define PACKAGE_BUGREPORT ""
| #define PACKAGE_URL ""
| #define PACKAGE "sumo"
| #define VERSION "0.18.0"
| /* end confdefs.h.  */
| #include <ac_nonexistent.h>
configure:4264: result: gcc -E
configure:4284: gcc -E  conftest.c
configure:4284: $? = 0
configure:4298: gcc -E  conftest.c
conftest.c:11:28: error: ac_nonexistent.h: No such file or directory
configure:4298: $? = 1
configure: failed program was:
| /* confdefs.h */
| #define PACKAGE_NAME "sumo"
| #define PACKAGE_TARNAME "sumo"
| #define PACKAGE_VERSION "0.18.0"
| #define PACKAGE_STRING "sumo 0.18.0"
| #define PACKAGE_BUGREPORT ""
| #define PACKAGE_URL ""
| #define PACKAGE "sumo"
| #define VERSION "0.18.0"
| /* end confdefs.h.  */
| #include <ac_nonexistent.h>
configure:4384: checking for g++
configure:4400: found /usr/bin/g++
configure:4411: result: g++
configure:4438: checking for C++ compiler version
configure:4447: g++ --version >&5
g++ (GCC) 4.4.7 20120313 (Red Hat 4.4.7-3)
Copyright (C) 2010 Free Software Foundation, Inc.
This is free software; see the source for copying conditions.  There is NO
warranty; not even for MERCHANTABILITY or FITNESS FOR A PARTICULAR PURPOSE.

configure:4458: $? = 0
configure:4447: g++ -v >&5
Using built-in specs.
Target: x86_64-redhat-linux
Configured with: ../configure --prefix=/usr --mandir=/usr/share/man --infodir=/usr/share/info --with-bugurl=http://bugzilla.redhat.com/bugzilla --enable-bootstrap --enable-shared --enable-threads=posix --enable-checking=release --with-system-zlib --enable-__cxa_atexit --disable-libunwind-exceptions --enable-gnu-unique-object --enable-languages=c,c++,objc,obj-c++,java,fortran,ada --enable-java-awt=gtk --disable-dssi --with-java-home=/usr/lib/jvm/java-1.5.0-gcj-1.5.0.0/jre --enable-libgcj-multifile --enable-java-maintainer-mode --with-ecj-jar=/usr/share/java/eclipse-ecj.jar --disable-libjava-multilib --with-ppl --with-cloog --with-tune=generic --with-arch_32=i686 --build=x86_64-redhat-linux
Thread model: posix
gcc version 4.4.7 20120313 (Red Hat 4.4.7-3) (GCC) 
configure:4458: $? = 0
configure:4447: g++ -V >&5
g++: '-V' option must have argument
configure:4458: $? = 1
configure:4447: g++ -qversion >&5
g++: unrecognized option '-qversion'
g++: no input files
configure:4458: $? = 1
configure:4462: checking whether we are using the GNU C++ compiler
configure:4481: g++ -c -O2 -DNDEBUG   conftest.cpp >&5
configure:4481: $? = 0
configure:4490: result: yes
configure:4499: checking whether g++ accepts -g
configure:4519: g++ -c -g  conftest.cpp >&5
configure:4519: $? = 0
configure:4560: result: yes
configure:4585: checking dependency style of g++
configure:4695: result: gcc3
configure:4711: checking whether ln -s works
configure:4715: result: yes
configure:4722: checking whether make sets $(MAKE)
configure:4744: result: yes
configure:4797: checking for ranlib
configure:4813: found /usr/bin/ranlib
configure:4824: result: ranlib
configure:4892: checking how to print strings
configure:4919: result: printf
configure:4940: checking for a sed that does not truncate output
configure:5004: result: /bin/sed
configure:5022: checking for grep that handles long lines and -e
configure:5080: result: /bin/grep
configure:5085: checking for egrep
configure:5147: result: /bin/grep -E
configure:5152: checking for fgrep
configure:5214: result: /bin/grep -F
configure:5249: checking for ld used by gcc
configure:5316: result: /usr/bin/ld
configure:5323: checking if the linker (/usr/bin/ld) is GNU ld
configure:5338: result: yes
configure:5350: checking for BSD- or MS-compatible name lister (nm)
configure:5399: result: /usr/bin/nm -B
configure:5529: checking the name lister (/usr/bin/nm -B) interface
configure:5536: gcc -c -g -O2  conftest.c >&5
configure:5539: /usr/bin/nm -B "conftest.o"
configure:5542: output
0000000000000000 B some_variable
configure:5549: result: BSD nm
configure:5553: checking the maximum length of command line arguments
configure:5678: result: 1966080
configure:5695: checking whether the shell understands some XSI constructs
configure:5705: result: yes
configure:5709: checking whether the shell understands "+="
configure:5715: result: yes
configure:5750: checking how to convert x86_64-unknown-linux-gnu file names to x86_64-unknown-linux-gnu format
configure:5790: result: func_convert_file_noop
configure:5797: checking how to convert x86_64-unknown-linux-gnu file names to toolchain format
configure:5817: result: func_convert_file_noop
configure:5824: checking for /usr/bin/ld option to reload object files
configure:5831: result: -r
configure:5905: checking for objdump
configure:5921: found /usr/bin/objdump
configure:5932: result: objdump
configure:5964: checking how to recognize dependent libraries
configure:6166: result: pass_all
configure:6251: checking for dlltool
configure:6281: result: no
configure:6311: checking how to associate runtime and link libraries
configure:6338: result: printf %s\n
configure:6399: checking for ar
configure:6415: found /usr/bin/ar
configure:6426: result: ar
configure:6463: checking for archiver @FILE support
configure:6480: gcc -c -g -O2  conftest.c >&5
configure:6480: $? = 0
configure:6483: ar cru libconftest.a @conftest.lst >&5
configure:6486: $? = 0
configure:6491: ar cru libconftest.a @conftest.lst >&5
ar: conftest.o: No such file or directory
configure:6494: $? = 1
configure:6506: result: @
configure:6564: checking for strip
configure:6580: found /usr/bin/strip
configure:6591: result: strip
configure:6663: checking for ranlib
configure:6690: result: ranlib
configure:6792: checking command to parse /usr/bin/nm -B output from gcc object
configure:6911: gcc -c -g -O2  conftest.c >&5
configure:6914: $? = 0
configure:6918: /usr/bin/nm -B conftest.o \| sed -n -e 's/^.*[ ]\([ABCDGIRSTW][ABCDGIRSTW]*\)[ ][ ]*\([_A-Za-z][_A-Za-z0-9]*\)$/\1 \2 \2/p' | sed '/ __gnu_lto/d' \> conftest.nm
configure:6921: $? = 0
configure:6987: gcc -o conftest -g -O2   conftest.c conftstm.o >&5
configure:6990: $? = 0
configure:7028: result: ok
configure:7065: checking for sysroot
configure:7095: result: no
configure:7172: gcc -c -g -O2  conftest.c >&5
configure:7175: $? = 0
configure:7338: checking for mt
configure:7368: result: no
configure:7388: checking if : is a manifest tool
configure:7394: : '-?'
configure:7402: result: no
configure:8030: checking for ANSI C header files
configure:8050: gcc -c -g -O2  conftest.c >&5
configure:8050: $? = 0
configure:8123: gcc -o conftest -g -O2   conftest.c  >&5
configure:8123: $? = 0
configure:8123: ./conftest
configure:8123: $? = 0
configure:8134: result: yes
configure:8147: checking for sys/types.h
configure:8147: gcc -c -g -O2  conftest.c >&5
configure:8147: $? = 0
configure:8147: result: yes
configure:8147: checking for sys/stat.h
configure:8147: gcc -c -g -O2  conftest.c >&5
configure:8147: $? = 0
configure:8147: result: yes
configure:8147: checking for stdlib.h
configure:8147: gcc -c -g -O2  conftest.c >&5
configure:8147: $? = 0
configure:8147: result: yes
configure:8147: checking for string.h
configure:8147: gcc -c -g -O2  conftest.c >&5
configure:8147: $? = 0
configure:8147: result: yes
configure:8147: checking for memory.h
configure:8147: gcc -c -g -O2  conftest.c >&5
configure:8147: $? = 0
configure:8147: result: yes
configure:8147: checking for strings.h
configure:8147: gcc -c -g -O2  conftest.c >&5
configure:8147: $? = 0
configure:8147: result: yes
configure:8147: checking for inttypes.h
configure:8147: gcc -c -g -O2  conftest.c >&5
configure:8147: $? = 0
configure:8147: result: yes
configure:8147: checking for stdint.h
configure:8147: gcc -c -g -O2  conftest.c >&5
configure:8147: $? = 0
configure:8147: result: yes
configure:8147: checking for unistd.h
configure:8147: gcc -c -g -O2  conftest.c >&5
configure:8147: $? = 0
configure:8147: result: yes
configure:8161: checking for dlfcn.h
configure:8161: gcc -c -g -O2  conftest.c >&5
configure:8161: $? = 0
configure:8161: result: yes
configure:8359: checking for objdir
configure:8374: result: .libs
configure:8641: checking if gcc supports -fno-rtti -fno-exceptions
configure:8659: gcc -c -g -O2  -fno-rtti -fno-exceptions conftest.c >&5
cc1: warning: command line option "-fno-rtti" is valid for C++/ObjC++ but not for C
configure:8663: $? = 0
configure:8676: result: no
configure:8986: checking for gcc option to produce PIC
configure:8993: result: -fPIC -DPIC
configure:9001: checking if gcc PIC flag -fPIC -DPIC works
configure:9019: gcc -c -g -O2  -fPIC -DPIC -DPIC conftest.c >&5
configure:9023: $? = 0
configure:9036: result: yes
configure:9065: checking if gcc static flag -static works
configure:9093: result: no
configure:9108: checking if gcc supports -c -o file.o
configure:9129: gcc -c -g -O2  -o out/conftest2.o conftest.c >&5
configure:9133: $? = 0
configure:9155: result: yes
configure:9163: checking if gcc supports -c -o file.o
configure:9210: result: yes
configure:9243: checking whether the gcc linker (/usr/bin/ld -m elf_x86_64) supports shared libraries
configure:10401: result: yes
configure:10438: checking whether -lc should be explicitly linked in
configure:10446: gcc -c -g -O2  conftest.c >&5
configure:10449: $? = 0
configure:10464: gcc -shared  -fPIC -DPIC conftest.o  -v -Wl,-soname -Wl,conftest -o conftest 2\>\&1 \| /bin/grep  -lc  \>/dev/null 2\>\&1
configure:10467: $? = 0
configure:10481: result: no
configure:10646: checking dynamic linker characteristics
configure:11160: gcc -o conftest -g -O2   -Wl,-rpath -Wl,/foo conftest.c  >&5
configure:11160: $? = 0
configure:11382: result: GNU/Linux ld.so
configure:11489: checking how to hardcode library paths into programs
configure:11514: result: immediate
configure:12054: checking whether stripping libraries is possible
configure:12059: result: yes
configure:12094: checking if libtool supports shared libraries
configure:12096: result: yes
configure:12099: checking whether to build shared libraries
configure:12120: result: yes
configure:12123: checking whether to build static libraries
configure:12127: result: yes
configure:12150: checking how to run the C++ preprocessor
configure:12177: g++ -E  conftest.cpp
configure:12177: $? = 0
configure:12191: g++ -E  conftest.cpp
conftest.cpp:23:28: error: ac_nonexistent.h: No such file or directory
configure:12191: $? = 1
configure: failed program was:
| /* confdefs.h */
| #define PACKAGE_NAME "sumo"
| #define PACKAGE_TARNAME "sumo"
| #define PACKAGE_VERSION "0.18.0"
| #define PACKAGE_STRING "sumo 0.18.0"
| #define PACKAGE_BUGREPORT ""
| #define PACKAGE_URL ""
| #define PACKAGE "sumo"
| #define VERSION "0.18.0"
| #define STDC_HEADERS 1
| #define HAVE_SYS_TYPES_H 1
| #define HAVE_SYS_STAT_H 1
| #define HAVE_STDLIB_H 1
| #define HAVE_STRING_H 1
| #define HAVE_MEMORY_H 1
| #define HAVE_STRINGS_H 1
| #define HAVE_INTTYPES_H 1
| #define HAVE_STDINT_H 1
| #define HAVE_UNISTD_H 1
| #define HAVE_DLFCN_H 1
| #define LT_OBJDIR ".libs/"
| /* end confdefs.h.  */
| #include <ac_nonexistent.h>
configure:12216: result: g++ -E
configure:12236: g++ -E  conftest.cpp
configure:12236: $? = 0
configure:12250: g++ -E  conftest.cpp
conftest.cpp:23:28: error: ac_nonexistent.h: No such file or directory
configure:12250: $? = 1
configure: failed program was:
| /* confdefs.h */
| #define PACKAGE_NAME "sumo"
| #define PACKAGE_TARNAME "sumo"
| #define PACKAGE_VERSION "0.18.0"
| #define PACKAGE_STRING "sumo 0.18.0"
| #define PACKAGE_BUGREPORT ""
| #define PACKAGE_URL ""
| #define PACKAGE "sumo"
| #define VERSION "0.18.0"
| #define STDC_HEADERS 1
| #define HAVE_SYS_TYPES_H 1
| #define HAVE_SYS_STAT_H 1
| #define HAVE_STDLIB_H 1
| #define HAVE_STRING_H 1
| #define HAVE_MEMORY_H 1
| #define HAVE_STRINGS_H 1
| #define HAVE_INTTYPES_H 1
| #define HAVE_STDINT_H 1
| #define HAVE_UNISTD_H 1
| #define HAVE_DLFCN_H 1
| #define LT_OBJDIR ".libs/"
| /* end confdefs.h.  */
| #include <ac_nonexistent.h>
configure:12420: checking for ld used by g++
configure:12487: result: /usr/bin/ld -m elf_x86_64
configure:12494: checking if the linker (/usr/bin/ld -m elf_x86_64) is GNU ld
configure:12509: result: yes
configure:12564: checking whether the g++ linker (/usr/bin/ld -m elf_x86_64) supports shared libraries
configure:13568: result: yes
configure:13603: g++ -c -O2 -DNDEBUG   conftest.cpp >&5
configure:13606: $? = 0
configure:14126: checking for g++ option to produce PIC
configure:14133: result: -fPIC -DPIC
configure:14141: checking if g++ PIC flag -fPIC -DPIC works
configure:14159: g++ -c -O2 -DNDEBUG   -fPIC -DPIC -DPIC conftest.cpp >&5
configure:14163: $? = 0
configure:14176: result: yes
configure:14199: checking if g++ static flag -static works
configure:14227: result: no
configure:14239: checking if g++ supports -c -o file.o
configure:14260: g++ -c -O2 -DNDEBUG   -o out/conftest2.o conftest.cpp >&5
configure:14264: $? = 0
configure:14286: result: yes
configure:14291: checking if g++ supports -c -o file.o
configure:14338: result: yes
configure:14368: checking whether the g++ linker (/usr/bin/ld -m elf_x86_64) supports shared libraries
configure:14402: result: yes
configure:14545: checking dynamic linker characteristics
configure:15215: result: GNU/Linux ld.so
configure:15268: checking how to hardcode library paths into programs
configure:15293: result: immediate
configure:15493: checking for pkg-config
configure:15511: found /usr/bin/pkg-config
configure:15523: result: /usr/bin/pkg-config
configure:15548: checking pkg-config is at least version 0.9.0
configure:15551: result: yes
configure:15561: checking for XERCES
configure:15568: $PKG_CONFIG --exists --print-errors "xerces-c >= 3.0"
configure:15571: $? = 0
configure:15584: $PKG_CONFIG --exists --print-errors "xerces-c >= 3.0"
configure:15587: $? = 0
configure:15628: result: yes
configure:15730: checking for main in -lxerces-c
configure:15749: gcc -o conftest -g -O2   conftest.c -lxerces-c   >&5
configure:15749: $? = 0
configure:15759: result: yes
configure:15824: checking xercesc/util/XercesVersion.hpp usability
configure:15824: gcc -c -g -O2  -I/usr/local/include -I/usr/include conftest.c >&5
configure:15824: $? = 0
configure:15824: result: yes
configure:15824: checking xercesc/util/XercesVersion.hpp presence
configure:15824: gcc -E  -I/usr/local/include -I/usr/include conftest.c
configure:15824: $? = 0
configure:15824: result: yes
configure:15824: checking for xercesc/util/XercesVersion.hpp
configure:15824: result: yes
configure:15877: checking for main in -lproj
configure:15896: gcc -o conftest -g -O2   conftest.c -lproj   >&5
configure:15896: $? = 0
configure:15906: result: yes
configure:15969: checking proj_api.h usability
configure:15969: gcc -c -g -O2  conftest.c >&5
configure:15969: $? = 0
configure:15969: result: yes
configure:15969: checking proj_api.h presence
configure:15969: gcc -E  conftest.c
configure:15969: $? = 0
configure:15969: result: yes
configure:15969: checking for proj_api.h
configure:15969: result: yes
configure:16021: checking for main in -lgdal
configure:16040: gcc -o conftest -g -O2   conftest.c -lgdal   >&5
configure:16040: $? = 0
configure:16050: result: yes
configure:16116: checking ogr_api.h usability
configure:16116: gcc -c -g -O2  -I/usr/local/include/gdal -I/usr/include/gdal conftest.c >&5
configure:16116: $? = 0
configure:16116: result: yes
configure:16116: checking ogr_api.h presence
configure:16116: gcc -E  -I/usr/local/include/gdal -I/usr/include/gdal conftest.c
configure:16116: $? = 0
configure:16116: result: yes
configure:16116: checking for ogr_api.h
configure:16116: result: yes
configure:16184: checking for main in -lFOX-1.6
configure:16203: gcc -o conftest -g -O2   conftest.c -lFOX-1.6   >&5
configure:16203: $? = 0
configure:16213: result: yes
configure:16279: checking fxver.h usability
configure:16279: gcc -c -g -O2  -I/usr/local/include/fox-1.6 -I/usr/include/fox-1.6 conftest.c >&5
configure:16279: $? = 0
configure:16279: result: yes
configure:16279: checking fxver.h presence
configure:16279: gcc -E  -I/usr/local/include/fox-1.6 -I/usr/include/fox-1.6 conftest.c
configure:16279: $? = 0
configure:16279: result: yes
configure:16279: checking for fxver.h
configure:16279: result: yes
configure:16315: checking GL/gl.h usability
configure:16315: gcc -c -g -O2  conftest.c >&5
configure:16315: $? = 0
configure:16315: result: yes
configure:16315: checking GL/gl.h presence
configure:16315: gcc -E  conftest.c
configure:16315: $? = 0
configure:16315: result: yes
configure:16315: checking for GL/gl.h
configure:16315: result: yes
configure:16315: checking GL/glu.h usability
configure:16315: gcc -c -g -O2  conftest.c >&5
configure:16315: $? = 0
configure:16315: result: yes
configure:16315: checking GL/glu.h presence
configure:16315: gcc -E  conftest.c
configure:16315: $? = 0
configure:16315: result: yes
configure:16315: checking for GL/glu.h
configure:16315: result: yes
configure:16425: checking for size_t
configure:16425: gcc -c -g -O2  conftest.c >&5
configure:16425: $? = 0
configure:16425: gcc -c -g -O2  conftest.c >&5
conftest.c: In function 'main':
conftest.c:74: error: expected expression before ')' token
configure:16425: $? = 1
configure: failed program was:
| /* confdefs.h */
| #define PACKAGE_NAME "sumo"
| #define PACKAGE_TARNAME "sumo"
| #define PACKAGE_VERSION "0.18.0"
| #define PACKAGE_STRING "sumo 0.18.0"
| #define PACKAGE_BUGREPORT ""
| #define PACKAGE_URL ""
| #define PACKAGE "sumo"
| #define VERSION "0.18.0"
| #define STDC_HEADERS 1
| #define HAVE_SYS_TYPES_H 1
| #define HAVE_SYS_STAT_H 1
| #define HAVE_STDLIB_H 1
| #define HAVE_STRING_H 1
| #define HAVE_MEMORY_H 1
| #define HAVE_STRINGS_H 1
| #define HAVE_INTTYPES_H 1
| #define HAVE_STDINT_H 1
| #define HAVE_UNISTD_H 1
| #define HAVE_DLFCN_H 1
| #define LT_OBJDIR ".libs/"
| #define HAVE_INTERNAL_LANES 1
| #define SUMOReal double
| #define SUMOLong long long int
| #define HAVE_SUBSECOND_TIMESTEPS 1
| #define POSITION_EPS 0.1
| #define NUMERICAL_EPS 0.001
| #define OUTPUT_ACCURACY 2
| #define GEO_OUTPUT_ACCURACY 6
| #define SUMOLong long long int
| #define XERCES3_SIZE_t XMLSize_t
| #define VERSION_STRING "0.18.0"
| #define HAVE_PROJ 1
| #define HAVE_GDAL 1
| #define HAVE_GL_GL_H 1
| #define HAVE_GL_GLU_H 1
| /* end confdefs.h.  */
| #include <stdio.h>
| #ifdef HAVE_SYS_TYPES_H
| # include <sys/types.h>
| #endif
| #ifdef HAVE_SYS_STAT_H
| # include <sys/stat.h>
| #endif
| #ifdef STDC_HEADERS
| # include <stdlib.h>
| # include <stddef.h>
| #else
| # ifdef HAVE_STDLIB_H
| #  include <stdlib.h>
| # endif
| #endif
| #ifdef HAVE_STRING_H
| # if !defined STDC_HEADERS && defined HAVE_MEMORY_H
| #  include <memory.h>
| # endif
| # include <string.h>
| #endif
| #ifdef HAVE_STRINGS_H
| # include <strings.h>
| #endif
| #ifdef HAVE_INTTYPES_H
| # include <inttypes.h>
| #endif
| #ifdef HAVE_STDINT_H
| # include <stdint.h>
| #endif
| #ifdef HAVE_UNISTD_H
| # include <unistd.h>
| #endif
| int
| main ()
| {
| if (sizeof ((size_t)))
| 	    return 0;
|   ;
|   return 0;
| }
configure:16425: result: yes
configure:16438: checking for working alloca.h
configure:16455: gcc -o conftest -g -O2   conftest.c  >&5
configure:16455: $? = 0
configure:16463: result: yes
configure:16471: checking for alloca
configure:16508: gcc -o conftest -g -O2   conftest.c  >&5
configure:16508: $? = 0
configure:16516: result: yes
configure:16625: checking for ANSI C header files
configure:16729: result: yes
configure:16740: checking float.h usability
configure:16740: gcc -c -g -O2  conftest.c >&5
configure:16740: $? = 0
configure:16740: result: yes
configure:16740: checking float.h presence
configure:16740: gcc -E  conftest.c
configure:16740: $? = 0
configure:16740: result: yes
configure:16740: checking for float.h
configure:16740: result: yes
configure:16740: checking limits.h usability
configure:16740: gcc -c -g -O2  conftest.c >&5
configure:16740: $? = 0
configure:16740: result: yes
configure:16740: checking limits.h presence
configure:16740: gcc -E  conftest.c
configure:16740: $? = 0
configure:16740: result: yes
configure:16740: checking for limits.h
configure:16740: result: yes
configure:16740: checking malloc.h usability
configure:16740: gcc -c -g -O2  conftest.c >&5
configure:16740: $? = 0
configure:16740: result: yes
configure:16740: checking malloc.h presence
configure:16740: gcc -E  conftest.c
configure:16740: $? = 0
configure:16740: result: yes
configure:16740: checking for malloc.h
configure:16740: result: yes
configure:16740: checking math.h usability
configure:16740: gcc -c -g -O2  conftest.c >&5
configure:16740: $? = 0
configure:16740: result: yes
configure:16740: checking math.h presence
configure:16740: gcc -E  conftest.c
configure:16740: $? = 0
configure:16740: result: yes
configure:16740: checking for math.h
configure:16740: result: yes
configure:16740: checking stddef.h usability
configure:16740: gcc -c -g -O2  conftest.c >&5
configure:16740: $? = 0
configure:16740: result: yes
configure:16740: checking stddef.h presence
configure:16740: gcc -E  conftest.c
configure:16740: $? = 0
configure:16740: result: yes
configure:16740: checking for stddef.h
configure:16740: result: yes
configure:16740: checking for stdlib.h
configure:16740: result: yes
configure:16740: checking for string.h
configure:16740: result: yes
configure:16740: checking sys/time.h usability
configure:16740: gcc -c -g -O2  conftest.c >&5
configure:16740: $? = 0
configure:16740: result: yes
configure:16740: checking sys/time.h presence
configure:16740: gcc -E  conftest.c
configure:16740: $? = 0
configure:16740: result: yes
configure:16740: checking for sys/time.h
configure:16740: result: yes
configure:16740: checking for unistd.h
configure:16740: result: yes
configure:16740: checking wchar.h usability
configure:16740: gcc -c -g -O2  conftest.c >&5
configure:16740: $? = 0
configure:16740: result: yes
configure:16740: checking wchar.h presence
configure:16740: gcc -E  conftest.c
configure:16740: $? = 0
configure:16740: result: yes
configure:16740: checking for wchar.h
configure:16740: result: yes
configure:16751: checking for stdbool.h that conforms to C99
configure:16818: gcc -c -g -O2  conftest.c >&5
configure:16818: $? = 0
configure:16825: result: yes
configure:16827: checking for _Bool
configure:16827: gcc -c -g -O2  conftest.c >&5
configure:16827: $? = 0
configure:16827: gcc -c -g -O2  conftest.c >&5
conftest.c: In function 'main':
conftest.c:87: error: expected expression before ')' token
configure:16827: $? = 1
configure: failed program was:
| /* confdefs.h */
| #define PACKAGE_NAME "sumo"
| #define PACKAGE_TARNAME "sumo"
| #define PACKAGE_VERSION "0.18.0"
| #define PACKAGE_STRING "sumo 0.18.0"
| #define PACKAGE_BUGREPORT ""
| #define PACKAGE_URL ""
| #define PACKAGE "sumo"
| #define VERSION "0.18.0"
| #define STDC_HEADERS 1
| #define HAVE_SYS_TYPES_H 1
| #define HAVE_SYS_STAT_H 1
| #define HAVE_STDLIB_H 1
| #define HAVE_STRING_H 1
| #define HAVE_MEMORY_H 1
| #define HAVE_STRINGS_H 1
| #define HAVE_INTTYPES_H 1
| #define HAVE_STDINT_H 1
| #define HAVE_UNISTD_H 1
| #define HAVE_DLFCN_H 1
| #define LT_OBJDIR ".libs/"
| #define HAVE_INTERNAL_LANES 1
| #define SUMOReal double
| #define SUMOLong long long int
| #define HAVE_SUBSECOND_TIMESTEPS 1
| #define POSITION_EPS 0.1
| #define NUMERICAL_EPS 0.001
| #define OUTPUT_ACCURACY 2
| #define GEO_OUTPUT_ACCURACY 6
| #define SUMOLong long long int
| #define XERCES3_SIZE_t XMLSize_t
| #define VERSION_STRING "0.18.0"
| #define HAVE_PROJ 1
| #define HAVE_GDAL 1
| #define HAVE_GL_GL_H 1
| #define HAVE_GL_GLU_H 1
| #define HAVE_ALLOCA_H 1
| #define HAVE_ALLOCA 1
| #define STDC_HEADERS 1
| #define HAVE_FLOAT_H 1
| #define HAVE_LIMITS_H 1
| #define HAVE_MALLOC_H 1
| #define HAVE_MATH_H 1
| #define HAVE_STDDEF_H 1
| #define HAVE_STDLIB_H 1
| #define HAVE_STRING_H 1
| #define HAVE_SYS_TIME_H 1
| #define HAVE_UNISTD_H 1
| #define HAVE_WCHAR_H 1
| /* end confdefs.h.  */
| #include <stdio.h>
| #ifdef HAVE_SYS_TYPES_H
| # include <sys/types.h>
| #endif
| #ifdef HAVE_SYS_STAT_H
| # include <sys/stat.h>
| #endif
| #ifdef STDC_HEADERS
| # include <stdlib.h>
| # include <stddef.h>
| #else
| # ifdef HAVE_STDLIB_H
| #  include <stdlib.h>
| # endif
| #endif
| #ifdef HAVE_STRING_H
| # if !defined STDC_HEADERS && defined HAVE_MEMORY_H
| #  include <memory.h>
| # endif
| # include <string.h>
| #endif
| #ifdef HAVE_STRINGS_H
| # include <strings.h>
| #endif
| #ifdef HAVE_INTTYPES_H
| # include <inttypes.h>
| #endif
| #ifdef HAVE_STDINT_H
| # include <stdint.h>
| #endif
| #ifdef HAVE_UNISTD_H
| # include <unistd.h>
| #endif
| int
| main ()
| {
| if (sizeof ((_Bool)))
| 	    return 0;
|   ;
|   return 0;
| }
configure:16827: result: yes
configure:16843: checking for an ANSI C-conforming const
configure:16908: gcc -c -g -O2  conftest.c >&5
configure:16908: $? = 0
configure:16915: result: yes
configure:16923: checking for inline
configure:16939: gcc -c -g -O2  conftest.c >&5
configure:16939: $? = 0
configure:16947: result: inline
configure:16965: checking for size_t
configure:16965: result: yes
configure:16976: checking whether time.h and sys/time.h may both be included
configure:16996: gcc -c -g -O2  conftest.c >&5
configure:16996: $? = 0
configure:17003: result: yes
configure:17011: checking whether struct tm is in sys/time.h or time.h
configure:17031: gcc -c -g -O2  conftest.c >&5
configure:17031: $? = 0
configure:17038: result: time.h
configure:17046: checking for working volatile
configure:17065: gcc -c -g -O2  conftest.c >&5
configure:17065: $? = 0
configure:17072: result: yes
configure:17081: checking for error_at_line
configure:17097: gcc -o conftest -g -O2   conftest.c  >&5
configure:17097: $? = 0
configure:17105: result: yes
configure:17118: checking for stdlib.h
configure:17118: result: yes
configure:17128: checking for GNU libc compatible malloc
configure:17152: gcc -o conftest -g -O2   conftest.c  >&5
configure:17152: $? = 0
configure:17152: ./conftest
configure:17152: $? = 0
configure:17162: result: yes
configure:17186: checking sys/select.h usability
configure:17186: gcc -c -g -O2  conftest.c >&5
configure:17186: $? = 0
configure:17186: result: yes
configure:17186: checking sys/select.h presence
configure:17186: gcc -E  conftest.c
configure:17186: $? = 0
configure:17186: result: yes
configure:17186: checking for sys/select.h
configure:17186: result: yes
configure:17186: checking sys/socket.h usability
configure:17186: gcc -c -g -O2  conftest.c >&5
configure:17186: $? = 0
configure:17186: result: yes
configure:17186: checking sys/socket.h presence
configure:17186: gcc -E  conftest.c
configure:17186: $? = 0
configure:17186: result: yes
configure:17186: checking for sys/socket.h
configure:17186: result: yes
configure:17196: checking types of arguments for select
configure:17224: gcc -c -g -O2  conftest.c >&5
configure:17224: $? = 0
configure:17235: result: int,fd_set *,struct timeval *
configure:17258: checking return type of signal handlers
configure:17276: gcc -c -g -O2  conftest.c >&5
conftest.c: In function 'main':
conftest.c:67: error: void value not ignored as it ought to be
configure:17276: $? = 1
configure: failed program was:
| /* confdefs.h */
| #define PACKAGE_NAME "sumo"
| #define PACKAGE_TARNAME "sumo"
| #define PACKAGE_VERSION "0.18.0"
| #define PACKAGE_STRING "sumo 0.18.0"
| #define PACKAGE_BUGREPORT ""
| #define PACKAGE_URL ""
| #define PACKAGE "sumo"
| #define VERSION "0.18.0"
| #define STDC_HEADERS 1
| #define HAVE_SYS_TYPES_H 1
| #define HAVE_SYS_STAT_H 1
| #define HAVE_STDLIB_H 1
| #define HAVE_STRING_H 1
| #define HAVE_MEMORY_H 1
| #define HAVE_STRINGS_H 1
| #define HAVE_INTTYPES_H 1
| #define HAVE_STDINT_H 1
| #define HAVE_UNISTD_H 1
| #define HAVE_DLFCN_H 1
| #define LT_OBJDIR ".libs/"
| #define HAVE_INTERNAL_LANES 1
| #define SUMOReal double
| #define SUMOLong long long int
| #define HAVE_SUBSECOND_TIMESTEPS 1
| #define POSITION_EPS 0.1
| #define NUMERICAL_EPS 0.001
| #define OUTPUT_ACCURACY 2
| #define GEO_OUTPUT_ACCURACY 6
| #define SUMOLong long long int
| #define XERCES3_SIZE_t XMLSize_t
| #define VERSION_STRING "0.18.0"
| #define HAVE_PROJ 1
| #define HAVE_GDAL 1
| #define HAVE_GL_GL_H 1
| #define HAVE_GL_GLU_H 1
| #define HAVE_ALLOCA_H 1
| #define HAVE_ALLOCA 1
| #define STDC_HEADERS 1
| #define HAVE_FLOAT_H 1
| #define HAVE_LIMITS_H 1
| #define HAVE_MALLOC_H 1
| #define HAVE_MATH_H 1
| #define HAVE_STDDEF_H 1
| #define HAVE_STDLIB_H 1
| #define HAVE_STRING_H 1
| #define HAVE_SYS_TIME_H 1
| #define HAVE_UNISTD_H 1
| #define HAVE_WCHAR_H 1
| #define HAVE__BOOL 1
| #define HAVE_STDBOOL_H 1
| #define TIME_WITH_SYS_TIME 1
| #define HAVE_STDLIB_H 1
| #define HAVE_MALLOC 1
| #define HAVE_SYS_SELECT_H 1
| #define HAVE_SYS_SOCKET_H 1
| #define SELECT_TYPE_ARG1 int
| #define SELECT_TYPE_ARG234 (fd_set *)
| #define SELECT_TYPE_ARG5 (struct timeval *)
| /* end confdefs.h.  */
| #include <sys/types.h>
| #include <signal.h>
| 
| int
| main ()
| {
| return *(signal (0, 0)) (0) == 1;
|   ;
|   return 0;
| }
configure:17283: result: void
configure:17291: checking whether lstat correctly handles trailing slash
configure:17317: gcc -o conftest -g -O2   conftest.c  >&5
configure:17317: $? = 0
configure:17317: ./conftest
configure:17317: $? = 0
configure:17334: result: yes
configure:17353: checking whether stat accepts an empty string
configure:17373: gcc -o conftest -g -O2   conftest.c  >&5
configure:17373: $? = 0
configure:17373: ./conftest
configure:17373: $? = 0
configure:17383: result: no
configure:17402: checking for floor
configure:17402: gcc -o conftest -g -O2   conftest.c  >&5
conftest.c:86: warning: conflicting types for built-in function 'floor'
/tmp/ccgMoYDQ.o: In function `main':
/home/yutingyu/sumo-0.18.0/conftest.c:97: undefined reference to `floor'
collect2: ld returned 1 exit status
configure:17402: $? = 1
configure: failed program was:
| /* confdefs.h */
| #define PACKAGE_NAME "sumo"
| #define PACKAGE_TARNAME "sumo"
| #define PACKAGE_VERSION "0.18.0"
| #define PACKAGE_STRING "sumo 0.18.0"
| #define PACKAGE_BUGREPORT ""
| #define PACKAGE_URL ""
| #define PACKAGE "sumo"
| #define VERSION "0.18.0"
| #define STDC_HEADERS 1
| #define HAVE_SYS_TYPES_H 1
| #define HAVE_SYS_STAT_H 1
| #define HAVE_STDLIB_H 1
| #define HAVE_STRING_H 1
| #define HAVE_MEMORY_H 1
| #define HAVE_STRINGS_H 1
| #define HAVE_INTTYPES_H 1
| #define HAVE_STDINT_H 1
| #define HAVE_UNISTD_H 1
| #define HAVE_DLFCN_H 1
| #define LT_OBJDIR ".libs/"
| #define HAVE_INTERNAL_LANES 1
| #define SUMOReal double
| #define SUMOLong long long int
| #define HAVE_SUBSECOND_TIMESTEPS 1
| #define POSITION_EPS 0.1
| #define NUMERICAL_EPS 0.001
| #define OUTPUT_ACCURACY 2
| #define GEO_OUTPUT_ACCURACY 6
| #define SUMOLong long long int
| #define XERCES3_SIZE_t XMLSize_t
| #define VERSION_STRING "0.18.0"
| #define HAVE_PROJ 1
| #define HAVE_GDAL 1
| #define HAVE_GL_GL_H 1
| #define HAVE_GL_GLU_H 1
| #define HAVE_ALLOCA_H 1
| #define HAVE_ALLOCA 1
| #define STDC_HEADERS 1
| #define HAVE_FLOAT_H 1
| #define HAVE_LIMITS_H 1
| #define HAVE_MALLOC_H 1
| #define HAVE_MATH_H 1
| #define HAVE_STDDEF_H 1
| #define HAVE_STDLIB_H 1
| #define HAVE_STRING_H 1
| #define HAVE_SYS_TIME_H 1
| #define HAVE_UNISTD_H 1
| #define HAVE_WCHAR_H 1
| #define HAVE__BOOL 1
| #define HAVE_STDBOOL_H 1
| #define TIME_WITH_SYS_TIME 1
| #define HAVE_STDLIB_H 1
| #define HAVE_MALLOC 1
| #define HAVE_SYS_SELECT_H 1
| #define HAVE_SYS_SOCKET_H 1
| #define SELECT_TYPE_ARG1 int
| #define SELECT_TYPE_ARG234 (fd_set *)
| #define SELECT_TYPE_ARG5 (struct timeval *)
| #define RETSIGTYPE void
| #define LSTAT_FOLLOWS_SLASHED_SYMLINK 1
| /* end confdefs.h.  */
| /* Define floor to an innocuous variant, in case <limits.h> declares floor.
|    For example, HP-UX 11i <limits.h> declares gettimeofday.  */
| #define floor innocuous_floor
| 
| /* System header to define __stub macros and hopefully few prototypes,
|     which can conflict with char floor (); below.
|     Prefer <limits.h> to <assert.h> if __STDC__ is defined, since
|     <limits.h> exists even on freestanding compilers.  */
| 
| #ifdef __STDC__
| # include <limits.h>
| #else
| # include <assert.h>
| #endif
| 
| #undef floor
| 
| /* Override any GCC internal prototype to avoid an error.
|    Use char because int might match the return type of a GCC
|    builtin and then its argument prototype would still apply.  */
| #ifdef __cplusplus
| extern "C"
| #endif
| char floor ();
| /* The GNU C library defines this for functions which it implements
|     to always fail with ENOSYS.  Some functions are actually named
|     something starting with __ and the normal name is an alias.  */
| #if defined __stub_floor || defined __stub___floor
| choke me
| #endif
| 
| int
| main ()
| {
| return floor ();
|   ;
|   return 0;
| }
configure:17402: result: no
configure:17402: checking for getcwd
configure:17402: gcc -o conftest -g -O2   conftest.c  >&5
configure:17402: $? = 0
configure:17402: result: yes
configure:17402: checking for gettimeofday
configure:17402: gcc -o conftest -g -O2   conftest.c  >&5
configure:17402: $? = 0
configure:17402: result: yes
configure:17402: checking for memset
configure:17402: gcc -o conftest -g -O2   conftest.c  >&5
conftest.c:88: warning: conflicting types for built-in function 'memset'
configure:17402: $? = 0
configure:17402: result: yes
configure:17402: checking for pow
configure:17402: gcc -o conftest -g -O2   conftest.c  >&5
conftest.c:89: warning: conflicting types for built-in function 'pow'
/tmp/ccw5cHs2.o: In function `main':
/home/yutingyu/sumo-0.18.0/conftest.c:100: undefined reference to `pow'
collect2: ld returned 1 exit status
configure:17402: $? = 1
configure: failed program was:
| /* confdefs.h */
| #define PACKAGE_NAME "sumo"
| #define PACKAGE_TARNAME "sumo"
| #define PACKAGE_VERSION "0.18.0"
| #define PACKAGE_STRING "sumo 0.18.0"
| #define PACKAGE_BUGREPORT ""
| #define PACKAGE_URL ""
| #define PACKAGE "sumo"
| #define VERSION "0.18.0"
| #define STDC_HEADERS 1
| #define HAVE_SYS_TYPES_H 1
| #define HAVE_SYS_STAT_H 1
| #define HAVE_STDLIB_H 1
| #define HAVE_STRING_H 1
| #define HAVE_MEMORY_H 1
| #define HAVE_STRINGS_H 1
| #define HAVE_INTTYPES_H 1
| #define HAVE_STDINT_H 1
| #define HAVE_UNISTD_H 1
| #define HAVE_DLFCN_H 1
| #define LT_OBJDIR ".libs/"
| #define HAVE_INTERNAL_LANES 1
| #define SUMOReal double
| #define SUMOLong long long int
| #define HAVE_SUBSECOND_TIMESTEPS 1
| #define POSITION_EPS 0.1
| #define NUMERICAL_EPS 0.001
| #define OUTPUT_ACCURACY 2
| #define GEO_OUTPUT_ACCURACY 6
| #define SUMOLong long long int
| #define XERCES3_SIZE_t XMLSize_t
| #define VERSION_STRING "0.18.0"
| #define HAVE_PROJ 1
| #define HAVE_GDAL 1
| #define HAVE_GL_GL_H 1
| #define HAVE_GL_GLU_H 1
| #define HAVE_ALLOCA_H 1
| #define HAVE_ALLOCA 1
| #define STDC_HEADERS 1
| #define HAVE_FLOAT_H 1
| #define HAVE_LIMITS_H 1
| #define HAVE_MALLOC_H 1
| #define HAVE_MATH_H 1
| #define HAVE_STDDEF_H 1
| #define HAVE_STDLIB_H 1
| #define HAVE_STRING_H 1
| #define HAVE_SYS_TIME_H 1
| #define HAVE_UNISTD_H 1
| #define HAVE_WCHAR_H 1
| #define HAVE__BOOL 1
| #define HAVE_STDBOOL_H 1
| #define TIME_WITH_SYS_TIME 1
| #define HAVE_STDLIB_H 1
| #define HAVE_MALLOC 1
| #define HAVE_SYS_SELECT_H 1
| #define HAVE_SYS_SOCKET_H 1
| #define SELECT_TYPE_ARG1 int
| #define SELECT_TYPE_ARG234 (fd_set *)
| #define SELECT_TYPE_ARG5 (struct timeval *)
| #define RETSIGTYPE void
| #define LSTAT_FOLLOWS_SLASHED_SYMLINK 1
| #define HAVE_GETCWD 1
| #define HAVE_GETTIMEOFDAY 1
| #define HAVE_MEMSET 1
| /* end confdefs.h.  */
| /* Define pow to an innocuous variant, in case <limits.h> declares pow.
|    For example, HP-UX 11i <limits.h> declares gettimeofday.  */
| #define pow innocuous_pow
| 
| /* System header to define __stub macros and hopefully few prototypes,
|     which can conflict with char pow (); below.
|     Prefer <limits.h> to <assert.h> if __STDC__ is defined, since
|     <limits.h> exists even on freestanding compilers.  */
| 
| #ifdef __STDC__
| # include <limits.h>
| #else
| # include <assert.h>
| #endif
| 
| #undef pow
| 
| /* Override any GCC internal prototype to avoid an error.
|    Use char because int might match the return type of a GCC
|    builtin and then its argument prototype would still apply.  */
| #ifdef __cplusplus
| extern "C"
| #endif
| char pow ();
| /* The GNU C library defines this for functions which it implements
|     to always fail with ENOSYS.  Some functions are actually named
|     something starting with __ and the normal name is an alias.  */
| #if defined __stub_pow || defined __stub___pow
| choke me
| #endif
| 
| int
| main ()
| {
| return pow ();
|   ;
|   return 0;
| }
configure:17402: result: no
configure:17402: checking for select
configure:17402: gcc -o conftest -g -O2   conftest.c  >&5
configure:17402: $? = 0
configure:17402: result: yes
configure:17402: checking for socket
configure:17402: gcc -o conftest -g -O2   conftest.c  >&5
configure:17402: $? = 0
configure:17402: result: yes
configure:17402: checking for sqrt
configure:17402: gcc -o conftest -g -O2   conftest.c  >&5
conftest.c:91: warning: conflicting types for built-in function 'sqrt'
/tmp/ccU2fRP8.o: In function `main':
/home/yutingyu/sumo-0.18.0/conftest.c:102: undefined reference to `sqrt'
collect2: ld returned 1 exit status
configure:17402: $? = 1
configure: failed program was:
| /* confdefs.h */
| #define PACKAGE_NAME "sumo"
| #define PACKAGE_TARNAME "sumo"
| #define PACKAGE_VERSION "0.18.0"
| #define PACKAGE_STRING "sumo 0.18.0"
| #define PACKAGE_BUGREPORT ""
| #define PACKAGE_URL ""
| #define PACKAGE "sumo"
| #define VERSION "0.18.0"
| #define STDC_HEADERS 1
| #define HAVE_SYS_TYPES_H 1
| #define HAVE_SYS_STAT_H 1
| #define HAVE_STDLIB_H 1
| #define HAVE_STRING_H 1
| #define HAVE_MEMORY_H 1
| #define HAVE_STRINGS_H 1
| #define HAVE_INTTYPES_H 1
| #define HAVE_STDINT_H 1
| #define HAVE_UNISTD_H 1
| #define HAVE_DLFCN_H 1
| #define LT_OBJDIR ".libs/"
| #define HAVE_INTERNAL_LANES 1
| #define SUMOReal double
| #define SUMOLong long long int
| #define HAVE_SUBSECOND_TIMESTEPS 1
| #define POSITION_EPS 0.1
| #define NUMERICAL_EPS 0.001
| #define OUTPUT_ACCURACY 2
| #define GEO_OUTPUT_ACCURACY 6
| #define SUMOLong long long int
| #define XERCES3_SIZE_t XMLSize_t
| #define VERSION_STRING "0.18.0"
| #define HAVE_PROJ 1
| #define HAVE_GDAL 1
| #define HAVE_GL_GL_H 1
| #define HAVE_GL_GLU_H 1
| #define HAVE_ALLOCA_H 1
| #define HAVE_ALLOCA 1
| #define STDC_HEADERS 1
| #define HAVE_FLOAT_H 1
| #define HAVE_LIMITS_H 1
| #define HAVE_MALLOC_H 1
| #define HAVE_MATH_H 1
| #define HAVE_STDDEF_H 1
| #define HAVE_STDLIB_H 1
| #define HAVE_STRING_H 1
| #define HAVE_SYS_TIME_H 1
| #define HAVE_UNISTD_H 1
| #define HAVE_WCHAR_H 1
| #define HAVE__BOOL 1
| #define HAVE_STDBOOL_H 1
| #define TIME_WITH_SYS_TIME 1
| #define HAVE_STDLIB_H 1
| #define HAVE_MALLOC 1
| #define HAVE_SYS_SELECT_H 1
| #define HAVE_SYS_SOCKET_H 1
| #define SELECT_TYPE_ARG1 int
| #define SELECT_TYPE_ARG234 (fd_set *)
| #define SELECT_TYPE_ARG5 (struct timeval *)
| #define RETSIGTYPE void
| #define LSTAT_FOLLOWS_SLASHED_SYMLINK 1
| #define HAVE_GETCWD 1
| #define HAVE_GETTIMEOFDAY 1
| #define HAVE_MEMSET 1
| #define HAVE_SELECT 1
| #define HAVE_SOCKET 1
| /* end confdefs.h.  */
| /* Define sqrt to an innocuous variant, in case <limits.h> declares sqrt.
|    For example, HP-UX 11i <limits.h> declares gettimeofday.  */
| #define sqrt innocuous_sqrt
| 
| /* System header to define __stub macros and hopefully few prototypes,
|     which can conflict with char sqrt (); below.
|     Prefer <limits.h> to <assert.h> if __STDC__ is defined, since
|     <limits.h> exists even on freestanding compilers.  */
| 
| #ifdef __STDC__
| # include <limits.h>
| #else
| # include <assert.h>
| #endif
| 
| #undef sqrt
| 
| /* Override any GCC internal prototype to avoid an error.
|    Use char because int might match the return type of a GCC
|    builtin and then its argument prototype would still apply.  */
| #ifdef __cplusplus
| extern "C"
| #endif
| char sqrt ();
| /* The GNU C library defines this for functions which it implements
|     to always fail with ENOSYS.  Some functions are actually named
|     something starting with __ and the normal name is an alias.  */
| #if defined __stub_sqrt || defined __stub___sqrt
| choke me
| #endif
| 
| int
| main ()
| {
| return sqrt ();
|   ;
|   return 0;
| }
configure:17402: result: no
configure:17585: creating ./config.status

## ---------------------- ##
## Running config.status. ##
## ---------------------- ##

This file was extended by sumo config.status 0.18.0, which was
generated by GNU Autoconf 2.68.  Invocation command line was

  CONFIG_FILES    = 
  CONFIG_HEADERS  = 
  CONFIG_LINKS    = 
  CONFIG_COMMANDS = 
  $ ./config.status 

on draco.cs.ucla.edu

config.status:1306: creating src/Makefile
config.status:1306: creating src/activitygen/Makefile
config.status:1306: creating src/activitygen/activities/Makefile
config.status:1306: creating src/activitygen/city/Makefile
config.status:1306: creating src/foreign/Makefile
config.status:1306: creating src/foreign/eulerspiral/Makefile
config.status:1306: creating src/foreign/gl2ps/Makefile
config.status:1306: creating src/foreign/mersenne/Makefile
config.status:1306: creating src/foreign/nvwa/Makefile
config.status:1306: creating src/foreign/polyfonts/Makefile
config.status:1306: creating src/foreign/rtree/Makefile
config.status:1306: creating src/foreign/tcpip/Makefile
config.status:1306: creating src/gui/Makefile
config.status:1306: creating src/gui/dialogs/Makefile
config.status:1306: creating src/guinetload/Makefile
config.status:1306: creating src/guisim/Makefile
config.status:1306: creating src/microsim/Makefile
config.status:1306: creating src/microsim/actions/Makefile
config.status:1306: creating src/microsim/cfmodels/Makefile
config.status:1306: creating src/microsim/devices/Makefile
config.status:1306: creating src/microsim/logging/Makefile
config.status:1306: creating src/microsim/output/Makefile
config.status:1306: creating src/microsim/traffic_lights/Makefile
config.status:1306: creating src/microsim/trigger/Makefile
config.status:1306: creating src/netbuild/Makefile
config.status:1306: creating src/netgen/Makefile
config.status:1306: creating src/netimport/Makefile
config.status:1306: creating src/netimport/vissim/Makefile
config.status:1306: creating src/netimport/vissim/tempstructs/Makefile
config.status:1306: creating src/netimport/vissim/typeloader/Makefile
config.status:1306: creating src/netload/Makefile
config.status:1306: creating src/netwrite/Makefile
config.status:1306: creating src/od2trips/Makefile
config.status:1306: creating src/polyconvert/Makefile
config.status:1306: creating src/router/Makefile
config.status:1306: creating src/dfrouter/Makefile
config.status:1306: creating src/duarouter/Makefile
config.status:1306: creating src/jtrrouter/Makefile
config.status:1306: creating src/traci_testclient/Makefile
config.status:1306: creating src/traci-server/Makefile
config.status:1306: creating src/utils/Makefile
config.status:1306: creating src/utils/common/Makefile
config.status:1306: creating src/utils/distribution/Makefile
config.status:1306: creating src/utils/foxtools/Makefile
config.status:1306: creating src/utils/geom/Makefile
config.status:1306: creating src/utils/gui/Makefile
config.status:1306: creating src/utils/gui/div/Makefile
config.status:1306: creating src/utils/gui/events/Makefile
config.status:1306: creating src/utils/gui/globjects/Makefile
config.status:1306: creating src/utils/gui/images/Makefile
config.status:1306: creating src/utils/gui/settings/Makefile
config.status:1306: creating src/utils/gui/tracker/Makefile
config.status:1306: creating src/utils/gui/windows/Makefile
config.status:1306: creating src/utils/importio/Makefile
config.status:1306: creating src/utils/iodevices/Makefile
config.status:1306: creating src/utils/options/Makefile
config.status:1306: creating src/utils/shapes/Makefile
config.status:1306: creating src/utils/traci/Makefile
config.status:1306: creating src/utils/xml/Makefile
config.status:1306: creating unittest/Makefile
config.status:1306: creating unittest/src/Makefile
config.status:1306: creating unittest/src/microsim/Makefile
config.status:1306: creating unittest/src/netbuild/Makefile
config.status:1306: creating unittest/src/utils/Makefile
config.status:1306: creating unittest/src/utils/common/Makefile
config.status:1306: creating unittest/src/utils/geom/Makefile
config.status:1306: creating unittest/src/utils/iodevices/Makefile
config.status:1306: creating bin/Makefile
config.status:1306: creating Makefile
config.status:1306: creating src/config.h
config.status:1535: executing depfiles commands
config.status:1535: executing libtool commands
configure:20165: result: 
configure:20167: result: Optional features summary
configure:20169: result: -------------------------
configure:20171: result: Enabled: InternalLanes DoublePrecision Subsecond TRACI PROJ GDAL GUI
configure:20173: result: Disabled: Debug Profiling MemoryChecks UnitTests Python

## ---------------- ##
## Cache variables. ##
## ---------------- ##

ac_cv_build=x86_64-unknown-linux-gnu
ac_cv_c_compiler_gnu=yes
ac_cv_c_const=yes
ac_cv_c_inline=inline
ac_cv_c_volatile=yes
ac_cv_cxx_compiler_gnu=yes
ac_cv_env_CCC_set=
ac_cv_env_CCC_value=
ac_cv_env_CC_set=
ac_cv_env_CC_value=
ac_cv_env_CFLAGS_set=
ac_cv_env_CFLAGS_value=
ac_cv_env_CPPFLAGS_set=
ac_cv_env_CPPFLAGS_value=
ac_cv_env_CPP_set=
ac_cv_env_CPP_value=
ac_cv_env_CXXCPP_set=
ac_cv_env_CXXCPP_value=
ac_cv_env_CXXFLAGS_set=
ac_cv_env_CXXFLAGS_value=
ac_cv_env_CXX_set=
ac_cv_env_CXX_value=
ac_cv_env_LDFLAGS_set=
ac_cv_env_LDFLAGS_value=
ac_cv_env_LIBS_set=
ac_cv_env_LIBS_value=
ac_cv_env_PKG_CONFIG_LIBDIR_set=
ac_cv_env_PKG_CONFIG_LIBDIR_value=
ac_cv_env_PKG_CONFIG_PATH_set=
ac_cv_env_PKG_CONFIG_PATH_value=
ac_cv_env_PKG_CONFIG_set=
ac_cv_env_PKG_CONFIG_value=
ac_cv_env_XERCES_CFLAGS_set=
ac_cv_env_XERCES_CFLAGS_value=
ac_cv_env_XERCES_LIBS_set=
ac_cv_env_XERCES_LIBS_value=
ac_cv_env_build_alias_set=
ac_cv_env_build_alias_value=
ac_cv_env_host_alias_set=
ac_cv_env_host_alias_value=
ac_cv_env_target_alias_set=
ac_cv_env_target_alias_value=
ac_cv_func_alloca_works=yes
ac_cv_func_floor=no
ac_cv_func_getcwd=yes
ac_cv_func_gettimeofday=yes
ac_cv_func_lstat_dereferences_slashed_symlink=yes
ac_cv_func_malloc_0_nonnull=yes
ac_cv_func_memset=yes
ac_cv_func_pow=no
ac_cv_func_select=yes
ac_cv_func_select_args='int,fd_set *,struct timeval *'
ac_cv_func_socket=yes
ac_cv_func_sqrt=no
ac_cv_func_stat_empty_string_bug=no
ac_cv_header_GL_gl_h=yes
ac_cv_header_GL_glu_h=yes
ac_cv_header_dlfcn_h=yes
ac_cv_header_float_h=yes
ac_cv_header_fxver_h=yes
ac_cv_header_inttypes_h=yes
ac_cv_header_limits_h=yes
ac_cv_header_malloc_h=yes
ac_cv_header_math_h=yes
ac_cv_header_memory_h=yes
ac_cv_header_ogr_api_h=yes
ac_cv_header_proj_api_h=yes
ac_cv_header_stdbool_h=yes
ac_cv_header_stdc=yes
ac_cv_header_stddef_h=yes
ac_cv_header_stdint_h=yes
ac_cv_header_stdlib_h=yes
ac_cv_header_string_h=yes
ac_cv_header_strings_h=yes
ac_cv_header_sys_select_h=yes
ac_cv_header_sys_socket_h=yes
ac_cv_header_sys_stat_h=yes
ac_cv_header_sys_time_h=yes
ac_cv_header_sys_types_h=yes
ac_cv_header_time=yes
ac_cv_header_unistd_h=yes
ac_cv_header_wchar_h=yes
ac_cv_header_xercesc_util_XercesVersion_hpp=yes
ac_cv_host=x86_64-unknown-linux-gnu
ac_cv_lib_FOX_1_6___main=yes
ac_cv_lib_error_at_line=yes
ac_cv_lib_gdal___main=yes
ac_cv_lib_proj___main=yes
ac_cv_lib_xerces_c___main=yes
ac_cv_objext=o
ac_cv_path_EGREP='/bin/grep -E'
ac_cv_path_FGREP='/bin/grep -F'
ac_cv_path_GREP=/bin/grep
ac_cv_path_SED=/bin/sed
ac_cv_path_ac_pt_PKG_CONFIG=/usr/bin/pkg-config
ac_cv_path_install='/usr/bin/install -c'
ac_cv_path_mkdir=/bin/mkdir
ac_cv_prog_AWK=gawk
ac_cv_prog_CPP='gcc -E'
ac_cv_prog_CXXCPP='g++ -E'
ac_cv_prog_ac_ct_AR=ar
ac_cv_prog_ac_ct_CC=gcc
ac_cv_prog_ac_ct_CXX=g++
ac_cv_prog_ac_ct_OBJDUMP=objdump
ac_cv_prog_ac_ct_RANLIB=ranlib
ac_cv_prog_ac_ct_STRIP=strip
ac_cv_prog_cc_c89=
ac_cv_prog_cc_g=yes
ac_cv_prog_cxx_g=yes
ac_cv_prog_make_make_set=yes
ac_cv_struct_tm=time.h
ac_cv_target=x86_64-unknown-linux-gnu
ac_cv_type__Bool=yes
ac_cv_type_signal=void
ac_cv_type_size_t=yes
ac_cv_working_alloca_h=yes
am_cv_CC_dependencies_compiler_type=gcc3
am_cv_CXX_dependencies_compiler_type=gcc3
am_cv_prog_tar_ustar=gnutar
lt_cv_ar_at_file=@
lt_cv_archive_cmds_need_lc=no
lt_cv_deplibs_check_method=pass_all
lt_cv_file_magic_cmd='$MAGIC_CMD'
lt_cv_file_magic_test_file=
lt_cv_ld_reload_flag=-r
lt_cv_nm_interface='BSD nm'
lt_cv_objdir=.libs
lt_cv_path_LD=/usr/bin/ld
lt_cv_path_LDCXX='/usr/bin/ld -m elf_x86_64'
lt_cv_path_NM='/usr/bin/nm -B'
lt_cv_path_mainfest_tool=no
lt_cv_prog_compiler_c_o=yes
lt_cv_prog_compiler_c_o_CXX=yes
lt_cv_prog_compiler_pic='-fPIC -DPIC'
lt_cv_prog_compiler_pic_CXX='-fPIC -DPIC'
lt_cv_prog_compiler_pic_works=yes
lt_cv_prog_compiler_pic_works_CXX=yes
lt_cv_prog_compiler_rtti_exceptions=no
lt_cv_prog_compiler_static_works=no
lt_cv_prog_compiler_static_works_CXX=no
lt_cv_prog_gnu_ld=yes
lt_cv_prog_gnu_ldcxx=yes
lt_cv_sharedlib_from_linklib_cmd='printf %s\n'
lt_cv_shlibpath_overrides_runpath=no
lt_cv_sys_global_symbol_pipe='sed -n -e '\''s/^.*[	 ]\([ABCDGIRSTW][ABCDGIRSTW]*\)[	 ][	 ]*\([_A-Za-z][_A-Za-z0-9]*\)$/\1 \2 \2/p'\'' | sed '\''/ __gnu_lto/d'\'''
lt_cv_sys_global_symbol_to_c_name_address='sed -n -e '\''s/^: \([^ ]*\)[ ]*$/  {\"\1\", (void *) 0},/p'\'' -e '\''s/^[ABCDGIRSTW]* \([^ ]*\) \([^ ]*\)$/  {"\2", (void *) \&\2},/p'\'''
lt_cv_sys_global_symbol_to_c_name_address_lib_prefix='sed -n -e '\''s/^: \([^ ]*\)[ ]*$/  {\"\1\", (void *) 0},/p'\'' -e '\''s/^[ABCDGIRSTW]* \([^ ]*\) \(lib[^ ]*\)$/  {"\2", (void *) \&\2},/p'\'' -e '\''s/^[ABCDGIRSTW]* \([^ ]*\) \([^ ]*\)$/  {"lib\2", (void *) \&\2},/p'\'''
lt_cv_sys_global_symbol_to_cdecl='sed -n -e '\''s/^T .* \(.*\)$/extern int \1();/p'\'' -e '\''s/^[ABCDGIRSTW]* .* \(.*\)$/extern char \1;/p'\'''
lt_cv_sys_max_cmd_len=1966080
lt_cv_to_host_file_cmd=func_convert_file_noop
lt_cv_to_tool_file_cmd=func_convert_file_noop
pkg_cv_XERCES_CFLAGS=' '
pkg_cv_XERCES_LIBS='-lxerces-c  '

## ----------------- ##
## Output variables. ##
## ----------------- ##

ACLOCAL='${SHELL} /home/yutingyu/sumo-0.18.0/missing --run aclocal-1.11'
ALLOCA=''
AMDEPBACKSLASH='\'
AMDEP_FALSE='#'
AMDEP_TRUE=''
AMTAR='${SHELL} /home/yutingyu/sumo-0.18.0/missing --run tar'
AM_CPPFLAGS='-I/home/yutingyu/sumo-0.18.0/./src  -I/usr/local/include/fox-1.6 -I/usr/include/fox-1.6  -I/usr/local/include/gdal -I/usr/include/gdal  -I/usr/local/include -I/usr/include '
AM_CXXFLAGS=''
AR='ar'
AUTOCONF='${SHELL} /home/yutingyu/sumo-0.18.0/missing --run autoconf'
AUTOHEADER='${SHELL} /home/yutingyu/sumo-0.18.0/missing --run autoheader'
AUTOMAKE='${SHELL} /home/yutingyu/sumo-0.18.0/missing --run automake-1.11'
AWK='gawk'
CC='gcc'
CCDEPMODE='depmode=gcc3'
CFLAGS='-g -O2'
CHECK_MEMORY_LEAKS_FALSE=''
CHECK_MEMORY_LEAKS_TRUE='#'
CPP='gcc -E'
CPPFLAGS=''
CXX='g++'
CXXCPP='g++ -E'
CXXDEPMODE='depmode=gcc3'
CXXFLAGS='-O2 -DNDEBUG '
CYGPATH_W='echo'
DEFS='-DHAVE_CONFIG_H'
DEPDIR='.deps'
DLLTOOL='false'
DSYMUTIL=''
DUMPBIN=''
ECHO_C=''
ECHO_N='-n'
ECHO_T=''
EGREP='/bin/grep -E'
EXEEXT=''
FGREP='/bin/grep -F'
FOX_LDFLAGS=''
GDAL_LDFLAGS=''
GREP='/bin/grep'
INSTALL_DATA='${INSTALL} -m 644'
INSTALL_PROGRAM='${INSTALL}'
INSTALL_SCRIPT='${INSTALL}'
INSTALL_STRIP_PROGRAM='$(install_sh) -c -s'
INTERNAL_FALSE=''
INTERNAL_TRUE='#'
LD='/usr/bin/ld -m elf_x86_64'
LDFLAGS=''
LIBOBJS=''
LIBS=''
LIBTOOL='$(SHELL) $(top_builddir)/libtool'
LIB_FOX='FOX-1.6'
LIB_GDAL='gdal'
LIB_GTEST=''
LIB_PROJ='proj'
LIB_XERCES='xerces-c'
LIPO=''
LN_S='ln -s'
LTLIBOBJS=''
MAKEINFO='${SHELL} /home/yutingyu/sumo-0.18.0/missing --run makeinfo'
MANIFEST_TOOL=':'
MKDIR_P='/bin/mkdir -p'
NM='/usr/bin/nm -B'
NMEDIT=''
OBJDUMP='objdump'
OBJEXT='o'
OSG_LIBS=''
OTOOL64=''
OTOOL=''
PACKAGE='sumo'
PACKAGE_BUGREPORT=''
PACKAGE_NAME='sumo'
PACKAGE_STRING='sumo 0.18.0'
PACKAGE_TARNAME='sumo'
PACKAGE_URL=''
PACKAGE_VERSION='0.18.0'
PATH_SEPARATOR=':'
PKG_CONFIG='/usr/bin/pkg-config'
PKG_CONFIG_LIBDIR=''
PKG_CONFIG_PATH=''
PROJ_LDFLAGS=''
PYTHON_LIBS=''
RANLIB='ranlib'
SED='/bin/sed'
SET_MAKE=''
SHELL='/bin/sh'
STRIP='strip'
TRACI_FALSE='#'
TRACI_TRUE=''
VERSION='0.18.0'
WITH_GDAL_FALSE='#'
WITH_GDAL_TRUE=''
WITH_GTEST_FALSE=''
WITH_GTEST_TRUE='#'
WITH_GUI_FALSE='#'
WITH_GUI_TRUE=''
WITH_PROJ_FALSE='#'
WITH_PROJ_TRUE=''
WITH_PYTHON_FALSE=''
WITH_PYTHON_TRUE='#'
WITH_VERSION_H_FALSE=''
WITH_VERSION_H_TRUE='#'
XERCES_CFLAGS=' '
XERCES_LDFLAGS=''
XERCES_LIBS='-lxerces-c  '
ac_ct_AR='ar'
ac_ct_CC='gcc'
ac_ct_CXX='g++'
ac_ct_DUMPBIN=''
am__EXEEXT_FALSE=''
am__EXEEXT_TRUE='#'
am__fastdepCC_FALSE='#'
am__fastdepCC_TRUE=''
am__fastdepCXX_FALSE='#'
am__fastdepCXX_TRUE=''
am__include='include'
am__isrc=''
am__leading_dot='.'
am__quote=''
am__tar='tar --format=ustar -chf - "$$tardir"'
am__untar='tar -xf -'
bindir='${exec_prefix}/bin'
build='x86_64-unknown-linux-gnu'
build_alias=''
build_cpu='x86_64'
build_os='linux-gnu'
build_vendor='unknown'
datadir='${datarootdir}'
datarootdir='${prefix}/share'
docdir='${datarootdir}/doc/${PACKAGE_TARNAME}'
dvidir='${docdir}'
exec_prefix='${prefix}'
host='x86_64-unknown-linux-gnu'
host_alias=''
host_cpu='x86_64'
host_os='linux-gnu'
host_vendor='unknown'
htmldir='${docdir}'
includedir='${prefix}/include'
infodir='${datarootdir}/info'
install_sh='${SHELL} /home/yutingyu/sumo-0.18.0/install-sh'
libdir='${exec_prefix}/lib'
libexecdir='${exec_prefix}/libexec'
localedir='${datarootdir}/locale'
localstatedir='${prefix}/var'
mandir='${datarootdir}/man'
mkdir_p='/bin/mkdir -p'
oldincludedir='/usr/include'
pdfdir='${docdir}'
prefix='/usr/local'
program_transform_name='s,x,x,'
psdir='${docdir}'
sbindir='${exec_prefix}/sbin'
sharedstatedir='${prefix}/com'
sysconfdir='${prefix}/etc'
target='x86_64-unknown-linux-gnu'
target_alias=''
target_cpu='x86_64'
target_os='linux-gnu'
target_vendor='unknown'

## ----------- ##
## confdefs.h. ##
## ----------- ##

/* confdefs.h */
#define PACKAGE_NAME "sumo"
#define PACKAGE_TARNAME "sumo"
#define PACKAGE_VERSION "0.18.0"
#define PACKAGE_STRING "sumo 0.18.0"
#define PACKAGE_BUGREPORT ""
#define PACKAGE_URL ""
#define PACKAGE "sumo"
#define VERSION "0.18.0"
#define STDC_HEADERS 1
#define HAVE_SYS_TYPES_H 1
#define HAVE_SYS_STAT_H 1
#define HAVE_STDLIB_H 1
#define HAVE_STRING_H 1
#define HAVE_MEMORY_H 1
#define HAVE_STRINGS_H 1
#define HAVE_INTTYPES_H 1
#define HAVE_STDINT_H 1
#define HAVE_UNISTD_H 1
#define HAVE_DLFCN_H 1
#define LT_OBJDIR ".libs/"
#define HAVE_INTERNAL_LANES 1
#define SUMOReal double
#define SUMOLong long long int
#define HAVE_SUBSECOND_TIMESTEPS 1
#define POSITION_EPS 0.1
#define NUMERICAL_EPS 0.001
#define OUTPUT_ACCURACY 2
#define GEO_OUTPUT_ACCURACY 6
#define SUMOLong long long int
#define XERCES3_SIZE_t XMLSize_t
#define VERSION_STRING "0.18.0"
#define HAVE_PROJ 1
#define HAVE_GDAL 1
#define HAVE_GL_GL_H 1
#define HAVE_GL_GLU_H 1
#define HAVE_ALLOCA_H 1
#define HAVE_ALLOCA 1
#define STDC_HEADERS 1
#define HAVE_FLOAT_H 1
#define HAVE_LIMITS_H 1
#define HAVE_MALLOC_H 1
#define HAVE_MATH_H 1
#define HAVE_STDDEF_H 1
#define HAVE_STDLIB_H 1
#define HAVE_STRING_H 1
#define HAVE_SYS_TIME_H 1
#define HAVE_UNISTD_H 1
#define HAVE_WCHAR_H 1
#define HAVE__BOOL 1
#define HAVE_STDBOOL_H 1
#define TIME_WITH_SYS_TIME 1
#define HAVE_STDLIB_H 1
#define HAVE_MALLOC 1
#define HAVE_SYS_SELECT_H 1
#define HAVE_SYS_SOCKET_H 1
#define SELECT_TYPE_ARG1 int
#define SELECT_TYPE_ARG234 (fd_set *)
#define SELECT_TYPE_ARG5 (struct timeval *)
#define RETSIGTYPE void
#define LSTAT_FOLLOWS_SLASHED_SYMLINK 1
#define HAVE_GETCWD 1
#define HAVE_GETTIMEOFDAY 1
#define HAVE_MEMSET 1
#define HAVE_SELECT 1
#define HAVE_SOCKET 1

configure: exit 0
